<?xml version="1.0" encoding="UTF-8"?>
<!-- Generated by org.testng.reporters.JUnitXMLReporter -->
<testsuite ignored="2" hostname="TanmayPanda" failures="1" tests="1" name="ChromeTest(failed)" time="0.07" errors="0" timestamp="2024-10-28T15:42:08 IST">
  <testcase classname="com.Framework.ProductTest.ElectronicProductTest" name="addProduct" time="0.014">
    <failure type="java.lang.Error" message="Unresolved compilation problems: 
	Syntax error, insert &amp;quot;VariableDeclarators&amp;quot; to complete LocalVariableDeclaration
	jhmjk cannot be resolved
">
      <![CDATA[java.lang.Error: Unresolved compilation problems: 
Syntax error, insert "VariableDeclarators" to complete LocalVariableDeclaration
jhmjk cannot be resolved

at com.Framework.ProductTest.ElectronicProductTest.addProduct(ElectronicProductTest.java:12)
at java.base/java.util.ArrayList.forEach(ArrayList.java:1597)
... Removed 25 stack frames]]>
    </failure>
  </testcase> <!-- addProduct -->
  <testcase classname="com.Framework.ProductTest.ElectronicProductTest" name="removeProduct" time="0.0">
    <ignored/>
  </testcase> <!-- removeProduct -->
  <testcase classname="com.Framework.ProductTest.ElectronicProductTest" name="updateProduct" time="0.0">
    <ignored/>
  </testcase> <!-- updateProduct -->
</testsuite> <!-- ChromeTest(failed) -->
