<?xml version="1.0" encoding="UTF-8"?>
<!-- Generated by org.testng.reporters.JUnitXMLReporter -->
<testsuite ignored="0" hostname="TanmayPanda" failures="1" tests="2" name="ChromeTest " time="2.921" errors="0" timestamp="2024-11-06T10:03:39 IST">
  <testcase classname="com.Framework.WelcomeTest.VerifyWelcomePageTest" name="verifywelcomepageWithValidInput" time="0.044">
    <failure type="java.lang.NoSuchMethodError" message="&amp;apos;void org.openqa.selenium.support.PageFactory.initElements(org.openqa.selenium.WebDriver, java.lang.Object)&amp;apos;">
      <![CDATA[java.lang.NoSuchMethodError: 'void org.openqa.selenium.support.PageFactory.initElements(org.openqa.selenium.WebDriver, java.lang.Object)'
at com.Framework.PageRepository.WelcomePage.<init>(WelcomePage.java:13)
at com.Framework.PageRepository.PageManagment.initwelcomepage(PageManagment.java:26)
at com.Framework.WelcomeTest.VerifyWelcomePageTest.verifywelcomepageWithValidInput(VerifyWelcomePageTest.java:39)
at java.base/java.util.ArrayList.forEach(ArrayList.java:1597)
... Removed 25 stack frames]]>
    </failure>
  </testcase> <!-- verifywelcomepageWithValidInput -->
  <testcase classname="com.Framework.WelcomeTest.VerifyWelcomePageTest" name="verifyWelcomepageWithinValidinput" time="0.0">
    <skipped/>
  </testcase> <!-- verifyWelcomepageWithinValidinput -->
</testsuite> <!-- ChromeTest  -->
